[debug] [2024-03-11T06:44:26.560Z] ----------------------------------------------------------------------
[debug] [2024-03-11T06:44:26.563Z] Command:       C:\Program Files\nodejs\node.exe C:\Users\kcost\AppData\Roaming\npm\node_modules\firebase-tools\lib\bin\firebase.js init
[debug] [2024-03-11T06:44:26.564Z] CLI Version:   13.4.1
[debug] [2024-03-11T06:44:26.564Z] Platform:      win32
[debug] [2024-03-11T06:44:26.565Z] Node Version:  v18.18.0
[debug] [2024-03-11T06:44:26.566Z] Time:          Mon Mar 11 2024 13:44:26 GMT+0700 (Indochina Time)
[debug] [2024-03-11T06:44:26.566Z] ----------------------------------------------------------------------
[debug] 
[debug] [2024-03-11T06:44:26.676Z] > command requires scopes: ["email","openid","https://www.googleapis.com/auth/cloudplatformprojects.readonly","https://www.googleapis.com/auth/firebase","https://www.googleapis.com/auth/cloud-platform"]
[debug] [2024-03-11T06:44:26.676Z] > authorizing via signed-in user (kcosten101@gmail.com)
[info] 
     ######## #### ########  ######## ########     ###     ######  ########
     ##        ##  ##     ## ##       ##     ##  ##   ##  ##       ##
     ######    ##  ########  ######   ########  #########  ######  ######
     ##        ##  ##    ##  ##       ##     ## ##     ##       ## ##
     ##       #### ##     ## ######## ########  ##     ##  ######  ########

You're about to initialize a Firebase project in this directory:

  C:\Users\kcost\OneDrive\Máy tính\CGDN-SpringBoot-JWT-MySql-master

Before we get started, keep in mind:

  * You are initializing within an existing Firebase project directory

